TN:
SF:eslint.config.js
FN:1,(empty-report)
FNF:1
FNH:0
FNDA:0,(empty-report)
DA:1,0
DA:2,0
DA:3,0
DA:4,0
DA:5,0
DA:6,0
DA:7,0
DA:8,0
DA:9,0
DA:10,0
DA:11,0
DA:12,0
DA:13,0
DA:14,0
DA:15,0
DA:16,0
DA:17,0
DA:18,0
DA:19,0
DA:20,0
DA:21,0
DA:22,0
DA:23,0
DA:24,0
DA:25,0
DA:26,0
DA:27,0
DA:28,0
DA:29,0
DA:30,0
DA:31,0
DA:32,0
LF:32
LH:0
BRDA:1,0,0,0
BRF:1
BRH:0
end_of_record
TN:
SF:postcss.config.js
FN:1,(empty-report)
FNF:1
FNH:0
FNDA:0,(empty-report)
DA:1,0
DA:2,0
DA:3,0
DA:4,0
DA:5,0
DA:6,0
LF:6
LH:0
BRDA:1,0,0,0
BRF:1
BRH:0
end_of_record
TN:
SF:tailwind.config.js
FN:1,(empty-report)
FNF:1
FNH:0
FNDA:0,(empty-report)
DA:1,0
DA:2,0
DA:3,0
DA:4,0
DA:5,0
DA:6,0
DA:7,0
DA:8,0
DA:9,0
DA:10,0
DA:11,0
DA:12,0
DA:13,0
DA:14,0
DA:15,0
DA:16,0
DA:17,0
DA:18,0
DA:19,0
DA:20,0
DA:21,0
DA:22,0
DA:23,0
DA:24,0
DA:25,0
DA:26,0
DA:27,0
DA:28,0
DA:29,0
DA:30,0
DA:31,0
DA:32,0
DA:33,0
DA:34,0
DA:35,0
DA:36,0
DA:37,0
DA:38,0
DA:39,0
DA:40,0
DA:41,0
DA:42,0
DA:43,0
DA:44,0
DA:45,0
DA:46,0
DA:47,0
DA:48,0
DA:49,0
LF:49
LH:0
BRDA:1,0,0,0
BRF:1
BRH:0
end_of_record
TN:
SF:dist/assets/index-CPkH3wxC.js
FN:1,(empty-report)
FNF:1
FNH:0
FNDA:0,(empty-report)
DA:1,0
DA:2,0
DA:3,0
DA:4,0
DA:5,0
DA:6,0
DA:7,0
DA:8,0
DA:9,0
DA:10,0
DA:11,0
DA:12,0
DA:13,0
DA:14,0
DA:15,0
DA:16,0
DA:17,0
DA:18,0
DA:19,0
DA:20,0
DA:21,0
DA:22,0
DA:23,0
DA:24,0
DA:25,0
DA:26,0
DA:27,0
DA:28,0
DA:29,0
DA:30,0
DA:31,0
DA:32,0
DA:33,0
DA:34,0
DA:35,0
DA:36,0
DA:37,0
DA:38,0
DA:39,0
DA:40,0
DA:41,0
DA:42,0
DA:43,0
DA:44,0
DA:45,0
DA:46,0
DA:47,0
DA:48,0
DA:49,0
DA:50,0
DA:51,0
DA:52,0
DA:53,0
DA:54,0
DA:55,0
DA:56,0
DA:57,0
DA:58,0
DA:59,0
DA:60,0
DA:61,0
DA:62,0
DA:63,0
DA:64,0
DA:65,0
DA:66,0
DA:67,0
DA:68,0
DA:69,0
DA:70,0
DA:71,0
DA:72,0
DA:73,0
DA:74,0
DA:75,0
DA:76,0
DA:77,0
DA:78,0
DA:79,0
DA:80,0
DA:81,0
DA:82,0
DA:83,0
DA:84,0
DA:85,0
DA:86,0
DA:87,0
DA:88,0
DA:89,0
DA:90,0
DA:91,0
DA:92,0
DA:93,0
DA:94,0
DA:95,0
DA:96,0
DA:97,0
DA:98,0
DA:99,0
DA:100,0
DA:101,0
DA:102,0
DA:103,0
DA:104,0
DA:105,0
DA:106,0
DA:107,0
DA:108,0
DA:109,0
DA:110,0
DA:111,0
DA:112,0
DA:113,0
DA:114,0
DA:115,0
DA:116,0
DA:117,0
DA:118,0
DA:119,0
DA:120,0
DA:121,0
DA:122,0
DA:123,0
DA:124,0
DA:125,0
DA:126,0
DA:127,0
DA:128,0
DA:129,0
DA:130,0
DA:131,0
DA:132,0
DA:133,0
DA:134,0
DA:135,0
DA:136,0
DA:137,0
DA:138,0
DA:139,0
DA:140,0
DA:141,0
DA:142,0
DA:143,0
DA:144,0
DA:145,0
DA:146,0
DA:147,0
DA:148,0
DA:149,0
DA:150,0
DA:151,0
DA:152,0
DA:153,0
DA:154,0
DA:155,0
DA:156,0
DA:157,0
DA:158,0
DA:159,0
DA:160,0
DA:161,0
DA:162,0
DA:163,0
DA:164,0
DA:165,0
DA:166,0
DA:167,0
DA:168,0
DA:169,0
DA:170,0
DA:171,0
DA:172,0
DA:173,0
DA:174,0
DA:175,0
DA:176,0
DA:177,0
DA:178,0
DA:179,0
DA:180,0
DA:181,0
DA:182,0
DA:183,0
DA:184,0
DA:185,0
DA:186,0
DA:187,0
DA:188,0
DA:189,0
DA:190,0
DA:191,0
DA:192,0
DA:193,0
DA:194,0
DA:195,0
DA:196,0
DA:197,0
DA:198,0
DA:199,0
DA:200,0
DA:201,0
DA:202,0
DA:203,0
DA:204,0
DA:205,0
DA:206,0
DA:207,0
DA:208,0
DA:209,0
DA:210,0
DA:211,0
DA:212,0
DA:213,0
DA:214,0
DA:215,0
DA:216,0
DA:217,0
DA:218,0
DA:219,0
DA:220,0
DA:221,0
DA:222,0
DA:223,0
DA:224,0
DA:225,0
DA:226,0
DA:227,0
DA:228,0
DA:229,0
DA:230,0
DA:231,0
DA:232,0
DA:233,0
DA:234,0
DA:235,0
DA:236,0
DA:237,0
DA:238,0
DA:239,0
DA:240,0
DA:241,0
DA:242,0
DA:243,0
DA:244,0
DA:245,0
DA:246,0
DA:247,0
DA:248,0
DA:249,0
DA:250,0
DA:251,0
DA:252,0
DA:253,0
DA:254,0
DA:255,0
DA:256,0
DA:257,0
DA:258,0
DA:259,0
DA:260,0
DA:261,0
DA:262,0
DA:263,0
DA:264,0
DA:265,0
DA:266,0
DA:267,0
DA:268,0
DA:269,0
DA:270,0
DA:271,0
DA:272,0
DA:273,0
DA:274,0
DA:275,0
DA:276,0
DA:277,0
DA:278,0
DA:279,0
DA:280,0
DA:281,0
DA:282,0
DA:283,0
DA:284,0
DA:285,0
DA:286,0
DA:287,0
DA:288,0
DA:289,0
DA:290,0
DA:291,0
DA:292,0
DA:293,0
DA:294,0
DA:295,0
DA:296,0
DA:297,0
DA:298,0
DA:299,0
DA:300,0
DA:301,0
DA:302,0
DA:303,0
DA:304,0
DA:305,0
DA:306,0
DA:307,0
DA:308,0
DA:309,0
DA:310,0
DA:311,0
DA:312,0
DA:313,0
DA:314,0
DA:315,0
DA:316,0
DA:317,0
DA:318,0
DA:319,0
DA:320,0
DA:321,0
DA:322,0
DA:323,0
DA:324,0
DA:325,0
DA:326,0
DA:327,0
DA:328,0
DA:329,0
DA:330,0
DA:331,0
DA:332,0
DA:333,0
DA:334,0
DA:335,0
DA:336,0
DA:337,0
DA:338,0
DA:339,0
DA:340,0
DA:341,0
DA:342,0
DA:343,0
DA:344,0
DA:345,0
DA:346,0
DA:347,0
DA:348,0
DA:349,0
DA:350,0
DA:351,0
DA:352,0
DA:353,0
DA:354,0
DA:355,0
DA:356,0
DA:357,0
DA:358,0
DA:359,0
DA:360,0
DA:361,0
DA:362,0
DA:363,0
DA:364,0
DA:365,0
DA:366,0
DA:367,0
DA:368,0
DA:369,0
DA:370,0
DA:371,0
DA:372,0
DA:373,0
DA:374,0
DA:375,0
DA:376,0
DA:377,0
DA:378,0
DA:379,0
DA:380,0
DA:381,0
DA:382,0
DA:383,0
DA:384,0
DA:385,0
DA:386,0
DA:387,0
DA:388,0
DA:389,0
DA:390,0
DA:391,0
DA:392,0
DA:393,0
DA:394,0
DA:395,0
DA:396,0
DA:397,0
DA:398,0
DA:399,0
DA:400,0
DA:401,0
DA:402,0
DA:403,0
DA:404,0
DA:405,0
DA:406,0
DA:407,0
LF:407
LH:0
BRDA:1,0,0,0
BRF:1
BRH:0
end_of_record
TN:
SF:scripts/audit-add.js
FN:1,(empty-report)
FNF:1
FNH:0
FNDA:0,(empty-report)
DA:1,0
DA:2,0
DA:3,0
DA:4,0
DA:5,0
DA:6,0
DA:7,0
DA:8,0
DA:9,0
DA:10,0
DA:11,0
DA:12,0
DA:13,0
DA:14,0
DA:15,0
DA:16,0
DA:17,0
DA:18,0
DA:19,0
DA:20,0
DA:21,0
DA:22,0
DA:23,0
DA:24,0
DA:25,0
DA:26,0
DA:27,0
DA:28,0
DA:29,0
DA:30,0
DA:31,0
DA:32,0
DA:33,0
DA:34,0
DA:35,0
DA:36,0
DA:37,0
DA:38,0
DA:39,0
DA:40,0
DA:41,0
DA:42,0
DA:43,0
DA:44,0
DA:45,0
DA:46,0
DA:47,0
DA:48,0
DA:49,0
DA:50,0
DA:51,0
DA:52,0
DA:53,0
DA:54,0
DA:55,0
DA:56,0
DA:57,0
DA:58,0
DA:59,0
DA:60,0
LF:60
LH:0
BRDA:1,0,0,0
BRF:1
BRH:0
end_of_record
TN:
SF:src/App.tsx
FN:6,App
FNF:1
FNH:1
FNDA:5,App
DA:1,1
DA:2,1
DA:3,1
DA:4,1
DA:6,5
DA:7,5
DA:8,5
DA:9,5
DA:11,5
DA:12,5
DA:13,5
DA:14,5
DA:15,5
DA:16,5
DA:17,5
DA:18,5
DA:19,0
DA:21,5
DA:22,0
DA:24,5
DA:25,5
DA:26,5
DA:27,5
DA:28,5
DA:29,5
DA:30,5
DA:32,5
DA:33,5
DA:34,5
DA:35,5
DA:36,5
DA:37,5
DA:38,5
DA:39,5
DA:41,5
DA:42,5
DA:43,5
DA:44,5
DA:45,5
DA:46,5
DA:47,5
DA:48,5
DA:50,5
DA:51,5
DA:52,5
DA:53,5
DA:54,5
DA:55,5
DA:56,5
DA:57,5
DA:58,5
DA:59,5
DA:60,5
DA:62,5
DA:64,1
LF:55
LH:53
BRDA:6,0,0,5
BRDA:18,1,0,0
BRDA:21,2,0,0
BRDA:7,3,0,15
BRDA:8,4,0,15
BRDA:9,5,0,15
BRF:6
BRH:4
end_of_record
TN:
SF:src/main.tsx
FN:1,(empty-report)
FNF:1
FNH:0
FNDA:0,(empty-report)
DA:1,0
DA:2,0
DA:3,0
DA:4,0
DA:6,0
DA:7,0
DA:8,0
DA:9,0
DA:10,0
LF:9
LH:0
BRDA:1,0,0,0
BRF:1
BRH:0
end_of_record
TN:
SF:src/vite-env.d.ts
FN:1,(empty-report)
FNF:1
FNH:1
FNDA:1,(empty-report)
LF:0
LH:0
BRDA:1,0,0,1
BRF:1
BRH:1
end_of_record
TN:
SF:src/components/Editor/EditorContainer.tsx
FN:11,EditorContainer
FNF:1
FNH:1
FNDA:10,EditorContainer
DA:1,1
DA:11,1
DA:12,10
DA:13,10
DA:14,10
DA:16,10
DA:17,10
DA:19,10
DA:21,10
DA:22,0
DA:23,10
DA:25,10
DA:26,0
DA:27,10
DA:29,10
DA:30,5
DA:31,5
DA:32,10
DA:34,10
DA:35,5
DA:36,10
DA:38,10
DA:39,5
DA:40,10
DA:42,10
DA:43,0
DA:44,10
DA:46,10
DA:47,10
DA:48,5
DA:49,5
DA:50,5
DA:51,5
DA:52,5
DA:53,5
DA:54,5
DA:55,5
DA:56,5
DA:57,10
DA:59,10
DA:60,10
DA:61,10
DA:62,10
DA:63,10
DA:64,10
DA:65,10
DA:66,10
DA:67,10
DA:68,10
DA:69,10
DA:70,10
DA:71,10
DA:72,10
DA:73,10
DA:74,10
DA:76,10
DA:77,10
DA:78,10
DA:79,10
DA:80,10
DA:81,10
DA:82,10
DA:83,10
DA:84,10
DA:85,10
DA:86,10
DA:87,10
DA:88,10
DA:89,10
DA:90,10
DA:92,10
LF:71
LH:68
BRDA:11,0,0,10
BRDA:19,1,0,30
BRDA:29,2,0,5
BRDA:34,3,0,5
BRDA:38,4,0,5
BRDA:46,5,0,10
BRDA:47,6,0,5
BRDA:47,7,0,5
BRDA:53,8,0,5
BRF:9
BRH:9
end_of_record
TN:
SF:src/components/Editor/SourcePane.tsx
FN:14,SourcePane
FN:46,focus
FNF:2
FNH:1
FNDA:10,SourcePane
FNDA:0,focus
DA:1,1
DA:14,1
DA:15,10
DA:16,10
DA:18,10
DA:19,10
DA:20,10
DA:21,10
DA:22,10
DA:24,10
DA:25,5
DA:26,5
DA:28,5
DA:29,5
DA:30,5
DA:31,5
DA:32,5
DA:33,5
DA:34,5
DA:35,5
DA:36,5
DA:37,5
DA:38,0
DA:39,0
DA:40,0
DA:41,0
DA:42,0
DA:43,0
DA:44,5
DA:45,5
DA:46,5
DA:47,5
DA:48,5
DA:49,5
DA:51,5
DA:52,5
DA:53,5
DA:54,5
DA:55,5
DA:56,5
DA:58,5
DA:59,5
DA:60,5
DA:61,5
DA:62,10
DA:64,10
DA:65,5
DA:66,5
DA:67,2
DA:68,2
DA:69,0
DA:70,0
DA:71,0
DA:72,0
DA:73,10
DA:75,10
DA:76,10
DA:77,10
DA:78,10
DA:79,10
DA:80,10
DA:81,10
DA:82,10
DA:83,10
DA:84,10
DA:85,10
DA:86,10
DA:87,10
DA:88,10
DA:89,10
DA:90,10
DA:91,10
DA:93,10
LF:73
LH:63
BRDA:14,0,0,10
BRDA:80,1,0,6
BRDA:80,2,0,4
BRDA:83,3,0,6
BRDA:18,4,0,30
BRDA:19,5,0,30
BRDA:20,6,0,30
BRDA:21,7,0,30
BRDA:22,8,0,30
BRDA:24,9,0,5
BRDA:26,10,0,0
BRDA:58,11,0,5
BRDA:64,12,0,5
BRDA:66,13,0,2
BRDA:66,14,0,3
BRDA:66,15,0,2
BRDA:68,16,0,0
BRF:17
BRH:15
end_of_record
TN:
SF:src/components/Editor/StatusBar.tsx
FN:4,formatLastSaved
FN:14,StatusBar
FN:50,onClick
FNF:3
FNH:1
FNDA:0,formatLastSaved
FNDA:5,StatusBar
FNDA:0,onClick
DA:1,1
DA:4,0
DA:5,0
DA:6,0
DA:7,0
DA:8,0
DA:9,0
DA:10,0
DA:11,0
DA:12,0
DA:14,1
DA:15,5
DA:16,5
DA:17,5
DA:18,5
DA:19,5
DA:20,5
DA:21,5
DA:22,5
DA:24,5
DA:25,5
DA:26,5
DA:28,5
DA:29,5
DA:30,5
DA:31,5
DA:32,5
DA:33,5
DA:34,5
DA:35,0
DA:37,0
DA:39,5
DA:40,0
DA:42,5
DA:43,0
DA:44,0
DA:45,0
DA:46,0
DA:48,5
DA:49,5
DA:50,5
DA:51,5
DA:52,5
DA:53,5
DA:54,0
DA:55,5
DA:56,5
DA:58,5
DA:59,5
DA:60,5
DA:61,5
DA:62,5
DA:64,0
DA:65,0
DA:66,0
DA:67,0
DA:69,5
DA:70,5
DA:71,5
DA:72,5
DA:73,0
DA:75,5
DA:76,5
DA:77,5
DA:78,5
DA:79,5
DA:80,5
DA:81,5
DA:82,5
DA:83,5
DA:84,5
DA:85,5
DA:87,5
LF:73
LH:51
BRDA:14,0,0,5
BRDA:34,1,0,0
BRDA:39,2,0,0
BRDA:42,3,0,0
BRDA:53,4,0,0
BRDA:56,5,0,0
BRDA:62,6,0,0
BRDA:72,7,0,0
BRDA:15,8,0,15
BRDA:16,9,0,15
BRDA:17,10,0,15
BRDA:18,11,0,15
BRDA:19,12,0,15
BRDA:20,13,0,15
BRDA:21,14,0,15
BRDA:22,15,0,15
BRF:16
BRH:9
end_of_record
TN:
SF:src/components/Editor/VisualPane.tsx
FN:25,VisualPane
FN:58,onUpdate
FN:65,onFocus
FN:66,onSelectionUpdate
FNF:4
FNH:1
FNDA:12,VisualPane
FNDA:0,onUpdate
FNDA:0,onFocus
FNDA:0,onSelectionUpdate
DA:1,1
DA:11,1
DA:25,1
DA:26,12
DA:27,12
DA:28,12
DA:29,12
DA:30,12
DA:31,12
DA:32,12
DA:34,12
DA:35,12
DA:36,12
DA:37,12
DA:38,12
DA:40,12
DA:41,12
DA:42,12
DA:43,12
DA:44,12
DA:45,12
DA:46,12
DA:47,12
DA:48,12
DA:49,12
DA:50,12
DA:51,12
DA:52,12
DA:53,12
DA:54,12
DA:55,12
DA:56,12
DA:57,12
DA:58,12
DA:59,0
DA:60,0
DA:61,0
DA:62,0
DA:63,0
DA:64,0
DA:65,12
DA:66,12
DA:67,0
DA:68,0
DA:69,0
DA:70,0
DA:71,0
DA:72,0
DA:73,0
DA:74,0
DA:75,0
DA:76,0
DA:77,0
DA:78,0
DA:79,0
DA:80,0
DA:81,12
DA:83,12
DA:84,5
DA:85,12
DA:87,12
DA:88,5
DA:89,5
DA:90,12
DA:92,12
DA:93,5
DA:94,0
DA:95,0
DA:96,0
DA:97,12
DA:99,12
DA:100,12
DA:101,12
DA:102,12
DA:103,12
DA:104,12
DA:105,12
DA:106,12
DA:107,12
DA:108,12
DA:109,12
DA:110,12
DA:111,12
DA:112,12
DA:113,12
DA:115,12
DA:116,12
DA:117,12
DA:119,12
LF:89
LH:66
BRDA:25,0,0,12
BRDA:104,1,0,4
BRDA:104,2,0,8
BRDA:107,3,0,4
BRDA:34,4,0,36
BRDA:35,5,0,36
BRDA:36,6,0,36
BRDA:37,7,0,36
BRDA:38,8,0,36
BRDA:83,9,0,5
BRDA:87,10,0,5
BRDA:92,11,0,5
BRDA:93,12,0,0
BRF:13
BRH:12
end_of_record
TN:
SF:src/components/Toolbar/FormatToolbar.tsx
FN:27,FormatToolbar
FN:34,applyFormat
FN:156,isActive
FN:164,onClick
FN:171,onClick
FN:177,onClick
FN:183,onClick
FN:192,onClick
FN:198,onClick
FN:204,onClick
FN:213,onClick
FN:219,onClick
FN:225,onClick
FN:234,onClick
FN:240,onClick
FN:246,onClick
FNF:16
FNH:2
FNDA:10,FormatToolbar
FNDA:0,applyFormat
FNDA:120,isActive
FNDA:0,onClick
FNDA:0,onClick
FNDA:0,onClick
FNDA:0,onClick
FNDA:0,onClick
FNDA:0,onClick
FNDA:0,onClick
FNDA:0,onClick
FNDA:0,onClick
FNDA:0,onClick
FNDA:0,onClick
FNDA:0,onClick
FNDA:0,onClick
DA:1,1
DA:27,1
DA:28,10
DA:29,10
DA:30,10
DA:31,10
DA:32,10
DA:34,10
DA:35,0
DA:36,0
DA:38,0
DA:39,0
DA:40,0
DA:41,0
DA:43,0
DA:44,0
DA:45,0
DA:46,0
DA:47,0
DA:48,0
DA:49,0
DA:50,0
DA:51,0
DA:52,0
DA:53,0
DA:54,0
DA:55,0
DA:56,0
DA:57,0
DA:58,0
DA:59,0
DA:60,0
DA:61,0
DA:62,0
DA:63,0
DA:64,0
DA:65,0
DA:66,0
DA:67,0
DA:68,0
DA:69,0
DA:70,0
DA:71,0
DA:72,0
DA:73,0
DA:74,0
DA:75,0
DA:76,0
DA:77,0
DA:78,0
DA:79,0
DA:80,0
DA:81,0
DA:82,0
DA:83,0
DA:84,0
DA:85,0
DA:86,0
DA:87,0
DA:88,0
DA:89,0
DA:90,0
DA:91,0
DA:92,0
DA:93,0
DA:94,0
DA:95,0
DA:96,0
DA:98,0
DA:99,0
DA:100,0
DA:101,0
DA:102,0
DA:103,0
DA:104,0
DA:105,0
DA:106,0
DA:107,0
DA:108,0
DA:109,0
DA:110,0
DA:111,0
DA:112,0
DA:113,0
DA:114,0
DA:115,0
DA:116,0
DA:117,0
DA:118,0
DA:119,0
DA:120,0
DA:121,0
DA:122,0
DA:123,0
DA:124,0
DA:125,0
DA:126,0
DA:127,0
DA:128,0
DA:129,0
DA:130,0
DA:131,0
DA:132,0
DA:133,0
DA:134,0
DA:135,0
DA:136,0
DA:137,0
DA:138,0
DA:139,0
DA:140,0
DA:141,0
DA:142,0
DA:143,0
DA:144,0
DA:145,0
DA:146,0
DA:147,0
DA:148,0
DA:149,0
DA:150,0
DA:151,0
DA:152,0
DA:153,0
DA:154,0
DA:156,10
DA:158,10
DA:159,10
DA:160,10
DA:161,10
DA:162,10
DA:163,10
DA:164,10
DA:165,10
DA:166,10
DA:167,10
DA:168,10
DA:169,10
DA:170,10
DA:171,10
DA:172,10
DA:173,10
DA:174,10
DA:175,10
DA:176,10
DA:177,10
DA:178,10
DA:179,10
DA:180,10
DA:181,10
DA:182,10
DA:183,10
DA:184,10
DA:185,10
DA:186,10
DA:187,10
DA:188,10
DA:189,10
DA:190,10
DA:191,10
DA:192,10
DA:193,10
DA:194,10
DA:195,10
DA:196,10
DA:197,10
DA:198,10
DA:199,10
DA:200,10
DA:201,10
DA:202,10
DA:203,10
DA:204,10
DA:205,10
DA:206,10
DA:207,10
DA:208,10
DA:209,10
DA:210,10
DA:211,10
DA:212,10
DA:213,10
DA:214,10
DA:215,10
DA:216,10
DA:217,10
DA:218,10
DA:219,10
DA:220,10
DA:221,10
DA:222,10
DA:223,10
DA:224,10
DA:225,10
DA:226,10
DA:227,10
DA:228,10
DA:229,10
DA:230,10
DA:231,10
DA:232,10
DA:233,10
DA:234,10
DA:235,10
DA:236,10
DA:237,10
DA:238,10
DA:239,10
DA:240,10
DA:241,10
DA:242,10
DA:243,10
DA:244,10
DA:245,10
DA:246,10
DA:247,10
DA:248,10
DA:249,10
DA:250,10
DA:252,10
LF:220
LH:103
BRDA:27,0,0,10
BRDA:31,1,0,30
BRDA:32,2,0,30
BRDA:156,3,0,120
BRF:4
BRH:4
end_of_record
TN:
SF:src/components/Toolbar/ToolbarButton.tsx
FN:12,ToolbarButton
FNF:1
FNH:1
FNDA:130,ToolbarButton
DA:1,1
DA:12,1
DA:13,130
DA:14,130
DA:15,130
DA:16,130
DA:17,130
DA:18,130
DA:19,130
DA:20,130
DA:21,130
DA:22,130
DA:23,130
DA:24,130
DA:25,130
DA:26,130
DA:27,130
DA:28,130
DA:29,0
DA:30,130
DA:31,130
DA:32,130
DA:34,130
DA:35,130
DA:37,130
LF:25
LH:24
BRDA:12,0,0,130
BRDA:28,1,0,0
BRF:2
BRH:1
end_of_record
TN:
SF:src/hooks/useDebounce.ts
FN:7,useDebounce
FNF:1
FNH:1
FNDA:4,useDebounce
DA:1,1
DA:7,1
DA:8,4
DA:9,4
DA:10,4
DA:11,4
DA:12,4
DA:14,4
DA:16,4
DA:17,4
DA:18,6
DA:19,3
DA:20,3
DA:21,6
DA:22,3
DA:23,3
DA:24,6
DA:25,6
DA:26,4
DA:27,4
DA:29,4
DA:30,4
LF:22
LH:22
BRDA:7,0,0,4
BRDA:17,1,0,6
BRDA:18,2,0,3
BRDA:21,3,0,3
BRF:4
BRH:4
end_of_record
TN:
SF:src/lib/markdown/htmlToMarkdown.ts
FN:16,replacement
FN:20,filter
FN:23,replacement
FN:26,htmlToMarkdown
FNF:4
FNH:4
FNDA:1,replacement
FNDA:58,filter
FNDA:2,replacement
FNDA:17,htmlToMarkdown
DA:1,1
DA:4,1
DA:5,1
DA:6,1
DA:7,1
DA:8,1
DA:9,1
DA:10,1
DA:12,1
DA:14,1
DA:15,1
DA:16,1
DA:17,1
DA:19,1
DA:20,1
DA:21,58
DA:22,58
DA:23,1
DA:24,1
DA:26,1
DA:27,17
DA:28,17
LF:22
LH:22
BRDA:16,0,0,1
BRDA:20,1,0,58
BRDA:21,2,0,3
BRDA:23,3,0,2
BRDA:26,4,0,17
BRF:5
BRH:5
end_of_record
TN:
SF:src/lib/markdown/markdownParser.ts
FN:1,(empty-report)
FNF:1
FNH:0
FNDA:0,(empty-report)
DA:1,0
DA:6,0
DA:7,0
DA:8,0
LF:4
LH:0
BRDA:1,0,0,0
BRF:1
BRH:0
end_of_record
TN:
SF:src/lib/markdown/markdownToHtml.ts
FN:17,slugify
FN:21,md.renderer.rules.heading_open
FN:27,md.renderer.rules.paragraph_open
FN:33,md.renderer.rules.bullet_list_open
FN:39,markdownToHtml
FN:43,parseMarkdown
FNF:6
FNH:5
FNDA:21,slugify
FNDA:21,md.renderer.rules.heading_open
FNDA:27,md.renderer.rules.paragraph_open
FNDA:2,md.renderer.rules.bullet_list_open
FNDA:40,markdownToHtml
FNDA:0,parseMarkdown
DA:1,1
DA:7,1
DA:8,1
DA:9,1
DA:10,1
DA:11,1
DA:12,1
DA:13,1
DA:14,1
DA:15,1
DA:16,1
DA:17,1
DA:18,1
DA:21,1
DA:22,21
DA:23,21
DA:24,21
DA:25,21
DA:27,1
DA:28,27
DA:29,27
DA:30,27
DA:31,27
DA:33,1
DA:34,2
DA:35,2
DA:36,2
DA:37,2
DA:39,1
DA:40,40
DA:41,40
DA:43,1
DA:44,0
DA:45,0
LF:34
LH:32
BRDA:17,0,0,21
BRDA:21,1,0,21
BRDA:23,2,0,0
BRDA:27,3,0,27
BRDA:29,4,0,0
BRDA:33,5,0,2
BRDA:35,6,0,0
BRDA:39,7,0,40
BRF:8
BRH:5
end_of_record
TN:
SF:src/lib/markdown/positionMapper.ts
FN:7,getMarkdownLineMap
FN:17,findHTMLElementForMarkdownLine
FN:36,getScrollPercentageForElement
FN:46,markdownLineToScrollPercentage
FNF:4
FNH:4
FNDA:1,getMarkdownLineMap
FNDA:1,findHTMLElementForMarkdownLine
FNDA:1,getScrollPercentageForElement
FNDA:3,markdownLineToScrollPercentage
DA:6,1
DA:7,1
DA:8,1
DA:9,1
DA:10,1
DA:11,1
DA:12,3
DA:13,3
DA:14,1
DA:15,1
DA:17,1
DA:18,1
DA:19,1
DA:20,1
DA:21,1
DA:22,1
DA:23,1
DA:24,1
DA:25,1
DA:26,1
DA:27,1
DA:28,1
DA:29,1
DA:30,1
DA:31,1
DA:32,1
DA:33,1
DA:34,1
DA:36,1
DA:37,1
DA:38,1
DA:39,1
DA:40,1
DA:41,1
DA:42,1
DA:43,0
DA:44,1
DA:46,1
DA:47,3
DA:48,3
DA:49,3
DA:50,3
DA:51,3
DA:52,1
DA:54,1
LF:45
LH:44
BRDA:7,0,0,1
BRDA:11,1,0,3
BRDA:17,2,0,1
BRDA:25,3,0,1
BRDA:26,4,0,0
BRDA:36,5,0,1
BRDA:42,6,0,0
BRDA:46,7,0,3
BRF:8
BRH:6
end_of_record
TN:
SF:src/lib/sync/debounce.ts
FN:1,(empty-report)
FNF:1
FNH:1
FNDA:1,(empty-report)
DA:5,0
DA:6,0
DA:7,0
DA:8,0
DA:9,0
DA:10,0
DA:11,0
DA:12,0
DA:13,0
DA:14,0
DA:15,0
DA:16,0
DA:17,0
DA:18,0
DA:19,0
DA:20,0
DA:21,0
DA:22,0
DA:23,0
DA:24,0
DA:25,0
LF:21
LH:0
BRDA:1,0,0,1
BRF:1
BRH:1
end_of_record
TN:
SF:src/lib/sync/diffEngine.ts
FN:12,computeDiff
FN:16,applyHTMLDiff
FN:36,areEquivalent
FNF:3
FNH:2
FNDA:1,computeDiff
FNDA:0,applyHTMLDiff
FNDA:8,areEquivalent
DA:1,1
DA:3,1
DA:11,1
DA:12,1
DA:13,1
DA:14,1
DA:16,1
DA:17,0
DA:18,0
DA:19,0
DA:20,0
DA:21,0
DA:22,0
DA:23,0
DA:24,0
DA:25,0
DA:26,0
DA:27,0
DA:28,0
DA:29,0
DA:30,0
DA:31,0
DA:32,0
DA:33,0
DA:34,0
DA:36,1
DA:37,8
DA:38,8
DA:39,1
DA:41,1
LF:30
LH:12
BRDA:12,0,0,1
BRDA:36,1,0,8
BRF:2
BRH:2
end_of_record
TN:
SF:src/lib/sync/scrollSync.ts
FN:8,calculateProportionalScroll
FN:20,<instance_members_initializer>
FN:23,initialize
FN:62,syncToVisual
FN:75,syncToSource
FN:88,cleanup
FNF:6
FNH:4
FNDA:4,calculateProportionalScroll
FNDA:3,<instance_members_initializer>
FNDA:5,initialize
FNDA:0,syncToVisual
FNDA:0,syncToSource
FNDA:5,cleanup
DA:1,1
DA:8,1
DA:9,4
DA:10,4
DA:11,4
DA:12,4
DA:13,4
DA:14,3
DA:15,3
DA:16,3
DA:17,3
DA:19,1
DA:20,1
DA:21,3
DA:23,1
DA:24,5
DA:25,5
DA:26,5
DA:27,5
DA:28,5
DA:29,0
DA:30,0
DA:31,0
DA:32,0
DA:33,0
DA:35,0
DA:36,0
DA:37,0
DA:38,0
DA:39,0
DA:40,0
DA:41,5
DA:43,5
DA:44,0
DA:45,0
DA:46,0
DA:47,0
DA:48,0
DA:50,0
DA:51,0
DA:52,0
DA:53,0
DA:54,0
DA:55,0
DA:56,5
DA:58,5
DA:59,5
DA:60,5
DA:62,1
DA:63,0
DA:64,0
DA:65,0
DA:66,0
DA:67,0
DA:68,0
DA:69,0
DA:70,0
DA:71,0
DA:72,0
DA:73,0
DA:75,1
DA:76,0
DA:77,0
DA:78,0
DA:79,0
DA:80,0
DA:81,0
DA:82,0
DA:83,0
DA:84,0
DA:85,0
DA:86,0
DA:88,1
DA:89,5
DA:90,5
DA:91,5
DA:92,5
DA:93,5
DA:94,5
DA:95,5
DA:96,5
DA:97,5
DA:98,1
DA:100,1
LF:84
LH:40
BRDA:8,0,0,4
BRDA:13,1,0,1
BRDA:13,2,0,3
BRDA:20,3,0,3
BRDA:23,4,0,5
BRDA:88,5,0,5
BRF:6
BRH:6
end_of_record
TN:
SF:src/lib/sync/syncEngine.ts
FN:7,<instance_members_initializer>
FN:10,cancelPendingSync
FN:18,debounce
FN:34,syncSourceToVisual
FN:59,syncVisualToSource
FNF:5
FNH:4
FNDA:11,<instance_members_initializer>
FNDA:11,cancelPendingSync
FNDA:11,debounce
FNDA:11,syncSourceToVisual
FNDA:0,syncVisualToSource
DA:1,1
DA:6,1
DA:7,1
DA:8,11
DA:10,1
DA:11,11
DA:12,4
DA:13,4
DA:14,4
DA:15,4
DA:16,11
DA:18,1
DA:19,11
DA:20,11
DA:21,11
DA:22,7
DA:23,7
DA:24,7
DA:25,7
DA:26,7
DA:27,7
DA:28,11
DA:29,11
DA:34,1
DA:35,11
DA:36,11
DA:37,11
DA:38,11
DA:39,7
DA:40,7
DA:41,5
DA:43,5
DA:44,5
DA:45,5
DA:46,5
DA:47,5
DA:48,7
DA:49,0
DA:50,7
DA:51,5
DA:52,5
DA:53,11
DA:54,11
DA:59,1
DA:60,0
DA:61,0
DA:62,0
DA:64,0
DA:65,0
DA:66,0
DA:67,0
DA:68,0
DA:69,0
DA:70,0
DA:71,0
DA:72,0
DA:73,0
DA:74,0
DA:75,0
DA:76,0
DA:77,0
DA:78,1
DA:80,1
LF:63
LH:45
BRDA:7,0,0,11
BRDA:10,1,0,11
BRDA:11,2,0,4
BRDA:18,3,0,11
BRDA:21,4,0,7
BRDA:34,5,0,11
BRDA:38,6,0,7
BRDA:40,7,0,6
BRDA:40,8,0,2
BRDA:40,9,0,5
BRDA:41,10,0,0
BRDA:41,11,0,5
BRDA:48,12,0,0
BRDA:50,13,0,5
BRDA:51,14,0,5
BRF:15
BRH:13
end_of_record
TN:
SF:src/store/documentStore.ts
FN:36,__vite_ssr_import_0__.create.__vite_ssr_import_1__.devtools.__vite_ssr_import_1__.persist.name
FN:49,setMarkdown
FN:51,updateFromSource
FN:58,updateFromVisual
FN:62,setActiveEditor
FN:63,setIsSyncing
FN:64,setPendingSyncCancelled
FN:66,setDirty
FN:67,setFileName
FN:69,setScrollPosition
FN:77,setScrollSyncEnabled
FN:78,setIsScrolling
FN:79,updateCurrentFormats
FN:81,newDocument
FN:89,markSaved
FN:97,partialize
FNF:16
FNH:12
FNDA:6,__vite_ssr_import_0__.create.__vite_ssr_import_1__.devtools.__vite_ssr_import_1__.persist.name
FNDA:3,setMarkdown
FNDA:0,updateFromSource
FNDA:0,updateFromVisual
FNDA:2,setActiveEditor
FNDA:10,setIsSyncing
FNDA:22,setPendingSyncCancelled
FNDA:2,setDirty
FNDA:1,setFileName
FNDA:0,setScrollPosition
FNDA:2,setScrollSyncEnabled
FNDA:0,setIsScrolling
FNDA:2,updateCurrentFormats
FNDA:1,newDocument
FNDA:1,markSaved
FNDA:73,partialize
DA:1,1
DA:33,1
DA:34,1
DA:35,1
DA:36,1
DA:37,6
DA:38,6
DA:39,6
DA:40,6
DA:41,6
DA:42,6
DA:43,6
DA:44,6
DA:45,6
DA:46,6
DA:47,6
DA:49,6
DA:51,6
DA:52,0
DA:53,0
DA:54,0
DA:55,0
DA:56,0
DA:58,6
DA:59,0
DA:60,0
DA:62,6
DA:63,6
DA:64,6
DA:65,22
DA:66,6
DA:67,6
DA:69,6
DA:70,0
DA:71,0
DA:72,0
DA:73,0
DA:74,0
DA:75,0
DA:77,6
DA:78,6
DA:79,6
DA:81,6
DA:82,1
DA:83,1
DA:84,1
DA:85,1
DA:86,1
DA:87,1
DA:89,6
DA:90,1
DA:91,1
DA:92,1
DA:93,1
DA:94,6
DA:95,1
DA:96,1
DA:97,1
DA:98,73
DA:99,73
DA:100,73
DA:101,1
DA:102,1
DA:103,1
DA:104,1
LF:65
LH:52
BRDA:36,0,0,6
BRDA:49,1,0,3
BRDA:62,2,0,2
BRDA:63,3,0,10
BRDA:64,4,0,22
BRDA:66,5,0,2
BRDA:67,6,0,1
BRDA:77,7,0,2
BRDA:79,8,0,2
BRDA:81,9,0,1
BRDA:89,10,0,1
BRDA:97,11,0,73
BRF:12
BRH:12
end_of_record
TN:
SF:src/store/uiStore.ts
FN:10,setTheme
FNF:1
FNH:1
FNDA:2,setTheme
DA:1,1
DA:8,1
DA:9,1
DA:10,1
DA:11,1
LF:5
LH:5
BRDA:8,0,0,1
BRDA:10,1,0,2
BRF:2
BRH:2
end_of_record
TN:
SF:src/types/index.ts
FN:1,(empty-report)
FNF:1
FNH:1
FNDA:1,(empty-report)
LF:0
LH:0
BRDA:1,0,0,1
BRF:1
BRH:1
end_of_record
TN:
SF:src/types/turndown-plugin-gfm.d.ts
FN:1,(empty-report)
FNF:1
FNH:1
FNDA:1,(empty-report)
LF:0
LH:0
BRDA:1,0,0,1
BRF:1
BRH:1
end_of_record
